[debug] [2021-11-15T16:01:26.019Z] ----------------------------------------------------------------------
[debug] [2021-11-15T16:01:26.021Z] Command:       /usr/local/bin/node /usr/local/bin/firebase deploy --debug
[debug] [2021-11-15T16:01:26.021Z] CLI Version:   9.22.0
[debug] [2021-11-15T16:01:26.021Z] Platform:      darwin
[debug] [2021-11-15T16:01:26.021Z] Node Version:  v17.1.0
[debug] [2021-11-15T16:01:26.022Z] Time:          Mon Nov 15 2021 08:01:26 GMT-0800 (Pacific Standard Time)
[debug] [2021-11-15T16:01:26.023Z] ----------------------------------------------------------------------
[debug] 
[debug] [2021-11-15T16:01:26.061Z] > command requires scopes: ["email","openid","https://www.googleapis.com/auth/cloudplatformprojects.readonly","https://www.googleapis.com/auth/firebase","https://www.googleapis.com/auth/cloud-platform"]
[debug] [2021-11-15T16:01:26.062Z] > authorizing via signed-in user (aileen.ramelb@gmail.com)
[debug] [2021-11-15T16:01:26.062Z] [iam] checking project netflix-app-challenge for permissions ["firebase.projects.get","firebasehosting.sites.update"]
[debug] [2021-11-15T16:01:26.064Z] > refreshing access token with scopes: ["email","https://www.googleapis.com/auth/cloud-platform","https://www.googleapis.com/auth/cloudplatformprojects.readonly","https://www.googleapis.com/auth/firebase","openid"]
[debug] [2021-11-15T16:01:26.065Z] >>> HTTP REQUEST POST https://www.googleapis.com/oauth2/v3/token  
 <request body omitted>
[debug] [2021-11-15T16:01:26.471Z] <<< HTTP RESPONSE 200 {"pragma":"no-cache","expires":"Mon, 01 Jan 1990 00:00:00 GMT","date":"Mon, 15 Nov 2021 16:01:26 GMT","cache-control":"no-cache, no-store, max-age=0, must-revalidate","content-type":"application/json; charset=utf-8","vary":"X-Origin, Referer, Origin,Accept-Encoding","server":"scaffolding on HTTPServer2","x-xss-protection":"0","x-frame-options":"SAMEORIGIN","x-content-type-options":"nosniff","alt-svc":"clear","accept-ranges":"none","transfer-encoding":"chunked"}
[debug] [2021-11-15T16:01:26.541Z] >>> HTTP REQUEST POST https://cloudresourcemanager.googleapis.com/v1/projects/netflix-app-challenge:testIamPermissions  
 {"permissions":["firebase.projects.get","firebasehosting.sites.update"]}
[debug] [2021-11-15T16:01:26.959Z] <<< HTTP RESPONSE 200 {"content-type":"application/json; charset=UTF-8","vary":"X-Origin, Referer, Origin,Accept-Encoding","date":"Mon, 15 Nov 2021 16:01:26 GMT","server":"ESF","cache-control":"private","x-xss-protection":"0","x-frame-options":"SAMEORIGIN","x-content-type-options":"nosniff","server-timing":"gfet4t7; dur=64","alt-svc":"clear","accept-ranges":"none","transfer-encoding":"chunked"}
[debug] [2021-11-15T16:01:26.962Z] > refreshing access token with scopes: []
[debug] [2021-11-15T16:01:26.962Z] >>> HTTP REQUEST POST https://www.googleapis.com/oauth2/v3/token  
 <request body omitted>
[debug] [2021-11-15T16:01:27.250Z] <<< HTTP RESPONSE 200 {"cache-control":"no-cache, no-store, max-age=0, must-revalidate","expires":"Mon, 01 Jan 1990 00:00:00 GMT","pragma":"no-cache","date":"Mon, 15 Nov 2021 16:01:27 GMT","content-type":"application/json; charset=utf-8","vary":"X-Origin, Referer, Origin,Accept-Encoding","server":"scaffolding on HTTPServer2","x-xss-protection":"0","x-frame-options":"SAMEORIGIN","x-content-type-options":"nosniff","alt-svc":"clear","accept-ranges":"none","transfer-encoding":"chunked"}
[debug] [2021-11-15T16:01:27.358Z] >>> [apiv2][query] GET https://firebase.googleapis.com/v1beta1/projects/netflix-app-challenge [none]
[debug] [2021-11-15T16:01:27.785Z] <<< [apiv2][status] GET https://firebase.googleapis.com/v1beta1/projects/netflix-app-challenge 200
[debug] [2021-11-15T16:01:27.785Z] <<< [apiv2][body] GET https://firebase.googleapis.com/v1beta1/projects/netflix-app-challenge {"projectId":"netflix-app-challenge","projectNumber":"832245786269","displayName":"netflix-app-challenge","name":"projects/netflix-app-challenge","resources":{"hostingSite":"netflix-app-challenge"},"state":"ACTIVE"}
[info] 
[info] === Deploying to 'netflix-app-challenge'...
[info] 
[info] i  deploying hosting 
[debug] [2021-11-15T16:01:27.788Z] > refreshing access token with scopes: ["email","https://www.googleapis.com/auth/cloud-platform","https://www.googleapis.com/auth/cloudplatformprojects.readonly","https://www.googleapis.com/auth/firebase","openid"]
[debug] [2021-11-15T16:01:27.788Z] >>> HTTP REQUEST POST https://www.googleapis.com/oauth2/v3/token  
 <request body omitted>
[debug] [2021-11-15T16:01:28.020Z] <<< HTTP RESPONSE 200 {"pragma":"no-cache","date":"Mon, 15 Nov 2021 16:01:27 GMT","expires":"Mon, 01 Jan 1990 00:00:00 GMT","cache-control":"no-cache, no-store, max-age=0, must-revalidate","content-type":"application/json; charset=utf-8","vary":"X-Origin, Referer, Origin,Accept-Encoding","server":"scaffolding on HTTPServer2","x-xss-protection":"0","x-frame-options":"SAMEORIGIN","x-content-type-options":"nosniff","alt-svc":"clear","accept-ranges":"none","transfer-encoding":"chunked"}
[debug] [2021-11-15T16:01:28.073Z] >>> HTTP REQUEST POST https://firebasehosting.googleapis.com/v1beta1/sites/netflix-app-challenge/versions  
 {"config":{"rewrites":[{"glob":"**","path":"/index.html"}]},"labels":{"deployment-tool":"cli-firebase"}}
[debug] [2021-11-15T16:01:29.073Z] <<< HTTP RESPONSE 200 {"content-type":"application/json; charset=UTF-8","vary":"X-Origin, Referer, Origin,Accept-Encoding","date":"Mon, 15 Nov 2021 16:01:29 GMT","server":"ESF","cache-control":"private","x-xss-protection":"0","x-frame-options":"SAMEORIGIN","x-content-type-options":"nosniff","alt-svc":"clear","accept-ranges":"none","transfer-encoding":"chunked"}
[info] i  hosting[netflix-app-challenge]: beginning deploy... 
[info] i  hosting[netflix-app-challenge]: found 16 files in build 
[debug] [2021-11-15T16:01:29.101Z] > refreshing access token with scopes: []
[debug] [2021-11-15T16:01:29.101Z] >>> HTTP REQUEST POST https://www.googleapis.com/oauth2/v3/token  
 <request body omitted>
[debug] [2021-11-15T16:01:29.102Z] [hosting] hash cache [YnVpbGQ] stored for 16 files
[debug] [2021-11-15T16:01:29.104Z] [hosting][hash queue][FINAL] {"max":3,"min":0,"avg":0,"active":0,"complete":16,"success":16,"errored":0,"retried":0,"total":16,"elapsed":7}
[debug] [2021-11-15T16:01:29.402Z] <<< HTTP RESPONSE 200 {"date":"Mon, 15 Nov 2021 16:01:29 GMT","cache-control":"no-cache, no-store, max-age=0, must-revalidate","expires":"Mon, 01 Jan 1990 00:00:00 GMT","pragma":"no-cache","content-type":"application/json; charset=utf-8","vary":"X-Origin, Referer, Origin,Accept-Encoding","server":"scaffolding on HTTPServer2","x-xss-protection":"0","x-frame-options":"SAMEORIGIN","x-content-type-options":"nosniff","alt-svc":"clear","accept-ranges":"none","transfer-encoding":"chunked"}
[debug] [2021-11-15T16:01:29.591Z] >>> [apiv2][query] POST https://firebasehosting.googleapis.com/v1beta1/sites/netflix-app-challenge/versions/bb146b9e440bf332:populateFiles [none]
[debug] [2021-11-15T16:01:29.591Z] >>> [apiv2][body] POST https://firebasehosting.googleapis.com/v1beta1/sites/netflix-app-challenge/versions/bb146b9e440bf332:populateFiles {"files":{"/asset-manifest.json":"a3e3a5475e6b8ddc65de8a78e3fdbebeb4118317802f3fe09d1b16898aaa52ab","/favicon.ico":"c81fe46aa56ff717146af829dfdd7b9caa5caf51a1d8e65f6843335dec38c2f9","/index.html":"0d9395d6570cf71447a2c74c9d239f50a489b7cd89c250932254542ebf7b5a97","/logo192.png":"b6d536a4ad34ade7f3e29832862aa72cf87c179a3c93752fc9097b31ae9e39ff","/logo512.png":"95c6c19d1765afb5e489883a64de60caa980aa45c129eae52568585d660be15a","/manifest.json":"341d52628782f8ac9290bbfc43298afccb47b7cbfcee146ae30cf0f46bc30900","/robots.txt":"381eb2c6776dd7924af6a6f8761e8720f5c7fb210451f07f2d13cf52af3073d2","/static/css/main.d99daba5.chunk.css":"8063e4b63faa4ababc5517178bd511314d878ea18d0f1f94bef0501fece8d4c7","/static/css/main.d99daba5.chunk.css.map":"930cba39934fa8fae50f3a00d52832baa8d2715a02c19a7748bb9729ea3711ce","/static/js/2.e4c760da.chunk.js":"85b59d3e1a7895106b7f2bdcaeb16cbe2691b6fca009060e13ed80cff4f675b5","/static/js/2.e4c760da.chunk.js.LICENSE.txt":"369d6f32c6bcbea23e8a948c774e1cfa0091559ec0d6ae8d11505f354ebe263c","/static/js/2.e4c760da.chunk.js.map":"54c1a1af0e9f9d9291523f2224fe2ed1c7685f533a341c6f8a016a426aab6590","/static/js/main.b95e0287.chunk.js":"267e5b6bf6fd1f1e50f0a05cc5f69f60361882e96d075f9cce36c776bcb49cd5","/static/js/main.b95e0287.chunk.js.map":"e6ba049645d0b7034d17acec598f9a8ee435d6f4670ce0be6f9fc758333786af","/static/js/runtime-main.4238d034.js":"d2252ea62c3e8a6aac3fc10fb15491306c5740b79b77625e40821a401644b29e","/static/js/runtime-main.4238d034.js.map":"c7e99ad001c47f8eaeb4d5d20f554c832da416076d80ec2f77d3490d00da6d82"}}
[debug] [2021-11-15T16:01:30.334Z] <<< [apiv2][status] POST https://firebasehosting.googleapis.com/v1beta1/sites/netflix-app-challenge/versions/bb146b9e440bf332:populateFiles 200
[debug] [2021-11-15T16:01:30.335Z] <<< [apiv2][body] POST https://firebasehosting.googleapis.com/v1beta1/sites/netflix-app-challenge/versions/bb146b9e440bf332:populateFiles {"uploadUrl":"https://upload-firebasehosting.googleapis.com/upload/sites/netflix-app-challenge/versions/bb146b9e440bf332/files"}
[debug] [2021-11-15T16:01:30.335Z] [hosting][populate queue][FINAL] {"max":1234,"min":1234,"avg":1234,"active":0,"complete":1,"success":1,"errored":0,"retried":0,"total":1,"elapsed":1234}
[debug] [2021-11-15T16:01:30.335Z] [hosting] uploads queued: 0
[debug] [2021-11-15T16:01:30.335Z] [hosting][upload queue][FINAL] {"max":0,"min":9999999999,"avg":0,"active":0,"complete":0,"success":0,"errored":0,"retried":0,"total":0,"elapsed":1636992090335}
[info] ✔  hosting[netflix-app-challenge]: file upload complete 
[debug] [2021-11-15T16:01:30.338Z] [hosting] deploy completed after 1262ms
[debug] [2021-11-15T16:01:30.340Z] [
  {
    "config": {
      "public": "build",
      "ignore": [
        "firebase.json",
        "**/.*",
        "**/node_modules/**"
      ],
      "rewrites": [
        {
          "source": "**",
          "destination": "/index.html"
        }
      ],
      "site": "netflix-app-challenge"
    },
    "site": "netflix-app-challenge",
    "version": "sites/netflix-app-challenge/versions/bb146b9e440bf332"
  }
]
[info] i  hosting[netflix-app-challenge]: finalizing version... 
[debug] [2021-11-15T16:01:30.340Z] > refreshing access token with scopes: ["email","https://www.googleapis.com/auth/cloud-platform","https://www.googleapis.com/auth/cloudplatformprojects.readonly","https://www.googleapis.com/auth/firebase","openid"]
[debug] [2021-11-15T16:01:30.341Z] >>> HTTP REQUEST POST https://www.googleapis.com/oauth2/v3/token  
 <request body omitted>
[debug] [2021-11-15T16:01:30.656Z] <<< HTTP RESPONSE 200 {"expires":"Mon, 01 Jan 1990 00:00:00 GMT","date":"Mon, 15 Nov 2021 16:01:30 GMT","pragma":"no-cache","cache-control":"no-cache, no-store, max-age=0, must-revalidate","content-type":"application/json; charset=utf-8","vary":"X-Origin, Referer, Origin,Accept-Encoding","server":"scaffolding on HTTPServer2","x-xss-protection":"0","x-frame-options":"SAMEORIGIN","x-content-type-options":"nosniff","alt-svc":"clear","accept-ranges":"none","transfer-encoding":"chunked"}
[debug] [2021-11-15T16:01:30.700Z] >>> HTTP REQUEST PATCH https://firebasehosting.googleapis.com/v1beta1/sites/netflix-app-challenge/versions/bb146b9e440bf332?updateMask=status  
 {"status":"FINALIZED"}
[debug] [2021-11-15T16:01:31.385Z] <<< HTTP RESPONSE 200 {"content-type":"application/json; charset=UTF-8","vary":"X-Origin, Referer, Origin,Accept-Encoding","date":"Mon, 15 Nov 2021 16:01:31 GMT","server":"ESF","cache-control":"private","x-xss-protection":"0","x-frame-options":"SAMEORIGIN","x-content-type-options":"nosniff","alt-svc":"clear","accept-ranges":"none","transfer-encoding":"chunked"}
[debug] [2021-11-15T16:01:31.385Z] [hosting] finalized version for netflix-app-challenge: {"name":"sites/netflix-app-challenge/versions/bb146b9e440bf332","status":"FINALIZED","config":{"rewrites":[{"glob":"**","path":"/index.html"}]},"labels":{"deployment-tool":"cli-firebase"},"createTime":"2021-11-15T16:01:28.668580Z","createUser":{"email":"aileen.ramelb@gmail.com"},"finalizeTime":"2021-11-15T16:01:31.255493Z","finalizeUser":{"email":"aileen.ramelb@gmail.com"}}
[info] ✔  hosting[netflix-app-challenge]: version finalized 
[info] i  hosting[netflix-app-challenge]: releasing new version... 
[debug] [2021-11-15T16:01:31.386Z] >>> HTTP REQUEST POST https://firebasehosting.googleapis.com/v1beta1/sites/netflix-app-challenge/releases?version_name=sites/netflix-app-challenge/versions/bb146b9e440bf332  
 {"message":null}
[debug] [2021-11-15T16:01:32.041Z] <<< HTTP RESPONSE 200 {"content-type":"application/json; charset=UTF-8","vary":"X-Origin, Referer, Origin,Accept-Encoding","date":"Mon, 15 Nov 2021 16:01:31 GMT","server":"ESF","cache-control":"private","x-xss-protection":"0","x-frame-options":"SAMEORIGIN","x-content-type-options":"nosniff","alt-svc":"clear","accept-ranges":"none","transfer-encoding":"chunked"}
[debug] [2021-11-15T16:01:32.042Z] [hosting] release: {"name":"sites/netflix-app-challenge/releases/1636992091366448","version":{"name":"sites/netflix-app-challenge/versions/bb146b9e440bf332","status":"FINALIZED","config":{"rewrites":[{"glob":"**","path":"/index.html"}]},"labels":{"deployment-tool":"cli-firebase"},"createTime":"2021-11-15T16:01:28.668580Z","createUser":{"email":"aileen.ramelb@gmail.com"},"finalizeTime":"2021-11-15T16:01:31.255493Z","finalizeUser":{"email":"aileen.ramelb@gmail.com"}},"type":"DEPLOY","releaseTime":"2021-11-15T16:01:31.366448949Z","releaseUser":{"email":"aileen.ramelb@gmail.com"}}
[info] ✔  hosting[netflix-app-challenge]: release complete 
[info] 
[info] ✔  Deploy complete! 
[info] 
[info] Project Console: https://console.firebase.google.com/project/netflix-app-challenge/overview
[info] Hosting URL: https://netflix-app-challenge.web.app
